0 info it worked if it ends with ok
1 verbose cli [ 'node', '/usr/local/bin/npm', 'install', 'libfreetype.6.dylib' ]
2 info using npm@2.7.3
3 info using node@v0.10.32
4 silly cache add args [ 'libfreetype.6.dylib', null ]
5 verbose cache add spec libfreetype.6.dylib
6 silly cache add parsed spec { raw: 'libfreetype.6.dylib',
6 silly cache add   scope: null,
6 silly cache add   name: 'libfreetype.6.dylib',
6 silly cache add   rawSpec: '',
6 silly cache add   spec: '*',
6 silly cache add   type: 'range' }
7 verbose addNamed libfreetype.6.dylib@*
8 silly addNamed semver.valid null
9 silly addNamed semver.validRange *
10 silly addNameRange { name: 'libfreetype.6.dylib', range: '*', hasData: false }
11 silly mapToRegistry name libfreetype.6.dylib
12 silly mapToRegistry using default registry
13 silly mapToRegistry registry https://registry.npmjs.org/
14 silly mapToRegistry uri https://registry.npmjs.org/libfreetype.6.dylib
15 verbose addNameRange registry:https://registry.npmjs.org/libfreetype.6.dylib not in flight; fetching
16 verbose request uri https://registry.npmjs.org/libfreetype.6.dylib
17 verbose request no auth needed
18 info attempt registry request try #1 at 09:18:54
19 verbose request id 9771bee779f51b75
20 http request GET https://registry.npmjs.org/libfreetype.6.dylib
21 http 404 https://registry.npmjs.org/libfreetype.6.dylib
22 verbose headers { server: 'CouchDB/1.5.0 (Erlang OTP/R16B03)',
22 verbose headers   'content-type': 'application/json',
22 verbose headers   'cache-control': 'max-age=0',
22 verbose headers   'content-length': '51',
22 verbose headers   'accept-ranges': 'bytes',
22 verbose headers   date: 'Fri, 10 Jul 2015 07:18:55 GMT',
22 verbose headers   via: '1.1 varnish',
22 verbose headers   age: '0',
22 verbose headers   connection: 'keep-alive',
22 verbose headers   'x-served-by': 'cache-fra1239-FRA',
22 verbose headers   'x-cache': 'MISS',
22 verbose headers   'x-cache-hits': '0',
22 verbose headers   'x-timer': 'S1436512735.757590,VS0,VE182' }
23 silly get cb [ 404,
23 silly get   { server: 'CouchDB/1.5.0 (Erlang OTP/R16B03)',
23 silly get     'content-type': 'application/json',
23 silly get     'cache-control': 'max-age=0',
23 silly get     'content-length': '51',
23 silly get     'accept-ranges': 'bytes',
23 silly get     date: 'Fri, 10 Jul 2015 07:18:55 GMT',
23 silly get     via: '1.1 varnish',
23 silly get     age: '0',
23 silly get     connection: 'keep-alive',
23 silly get     'x-served-by': 'cache-fra1239-FRA',
23 silly get     'x-cache': 'MISS',
23 silly get     'x-cache-hits': '0',
23 silly get     'x-timer': 'S1436512735.757590,VS0,VE182' } ]
24 verbose stack Error: 404 Not Found: libfreetype.6.dylib
24 verbose stack     at CachingRegistryClient.<anonymous> (/usr/local/lib/node_modules/npm/node_modules/npm-registry-client/lib/request.js:251:14)
24 verbose stack     at Request._callback (/usr/local/lib/node_modules/npm/node_modules/npm-registry-client/lib/request.js:178:14)
24 verbose stack     at Request.self.callback (/usr/local/lib/node_modules/npm/node_modules/request/request.js:344:22)
24 verbose stack     at Request.emit (events.js:98:17)
24 verbose stack     at Request.<anonymous> (/usr/local/lib/node_modules/npm/node_modules/request/request.js:1239:14)
24 verbose stack     at Request.emit (events.js:117:20)
24 verbose stack     at IncomingMessage.<anonymous> (/usr/local/lib/node_modules/npm/node_modules/request/request.js:1187:12)
24 verbose stack     at IncomingMessage.emit (events.js:117:20)
24 verbose stack     at _stream_readable.js:943:16
24 verbose stack     at process._tickCallback (node.js:419:13)
25 verbose statusCode 404
26 verbose pkgid libfreetype.6.dylib
27 verbose cwd /Users/amr/Documents/Responsive Images/Project-Part-1-Start
28 error Darwin 14.1.0
29 error argv "node" "/usr/local/bin/npm" "install" "libfreetype.6.dylib"
30 error node v0.10.32
31 error npm  v2.7.3
32 error code E404
33 error 404 Not Found: libfreetype.6.dylib
33 error 404
33 error 404 'libfreetype.6.dylib' is not in the npm registry.
33 error 404 You should bug the author to publish it (or use the name yourself!)
33 error 404 It was specified as a dependency of 'reponsive-images'
33 error 404
33 error 404 Note that you can also install from a
33 error 404 tarball, folder, http url, or git url.
34 verbose exit [ 1, true ]
